[debug] [2023-12-11T15:03:34.209Z] ----------------------------------------------------------------------
[debug] [2023-12-11T15:03:34.210Z] Command:       C:\Users\yshen\.nvm\versions\node\v18.17.0\bin\node.exe C:\Users\yshen\.nvm\versions\node\v18.17.0\bin\node_modules\firebase-tools\lib\bin\firebase.js emulators:start --only auth --project firebase-auth-flow
[debug] [2023-12-11T15:03:34.211Z] CLI Version:   13.0.1
[debug] [2023-12-11T15:03:34.211Z] Platform:      win32
[debug] [2023-12-11T15:03:34.211Z] Node Version:  v18.17.0
[debug] [2023-12-11T15:03:34.212Z] Time:          Mon Dec 11 2023 23:03:34 GMT+0800 (Singapore Standard Time)
[debug] [2023-12-11T15:03:34.212Z] ----------------------------------------------------------------------
[debug] 
[debug] [2023-12-11T15:03:34.244Z] > command requires scopes: ["email","openid","https://www.googleapis.com/auth/cloudplatformprojects.readonly","https://www.googleapis.com/auth/firebase","https://www.googleapis.com/auth/cloud-platform"]
[debug] Failed to authenticate, have you run firebase login?
[warn] !  emulators: You are not currently authenticated so some features may not work correctly. Please run firebase login to authenticate the CLI. 
[warn] !  Could not find config (firebase.json) so using defaults. 
[info] i  emulators: Starting emulators: auth {"metadata":{"emulator":{"name":"hub"},"message":"Starting emulators: auth"}}
[debug] [2023-12-11T15:03:34.266Z] [logging] Logging Emulator only supports listening on one address (127.0.0.1). Not listening on ::1
[debug] [2023-12-11T15:03:34.266Z] [auth] Authentication Emulator only supports listening on one address (127.0.0.1). Not listening on ::1
[debug] [2023-12-11T15:03:34.266Z] assigned listening specs for emulators {"user":{"hub":[{"address":"127.0.0.1","family":"IPv4","port":4400},{"address":"::1","family":"IPv6","port":4400}],"ui":[{"address":"127.0.0.1","family":"IPv4","port":4000},{"address":"::1","family":"IPv6","port":4000}],"logging":[{"address":"127.0.0.1","family":"IPv4","port":4500}],"auth":[{"address":"127.0.0.1","family":"IPv4","port":9099}]},"metadata":{"message":"assigned listening specs for emulators"}}
[debug] [2023-12-11T15:03:34.296Z] [hub] writing locator at C:\Users\yshen\AppData\Local\Temp\hub-firebase-auth-flow.json
[info] i  ui: downloading ui-v1.11.7.zip... {"metadata":{"emulator":{"name":"ui"},"message":"downloading ui-v1.11.7.zip..."}}
[debug] [2023-12-11T15:03:38.429Z] >>> [apiv2][query] GET https://storage.googleapis.com/firebase-preview-drop/emulator/ui-v1.11.7.zip 
[debug] [2023-12-11T15:03:38.770Z] <<< [apiv2][status] GET https://storage.googleapis.com/firebase-preview-drop/emulator/ui-v1.11.7.zip 200
[debug] [2023-12-11T15:03:38.770Z] <<< [apiv2][body] GET https://storage.googleapis.com/firebase-preview-drop/emulator/ui-v1.11.7.zip [stream]
[debug] [2023-12-11T15:03:39.980Z] Data is 3064105
[debug] [2023-12-11T15:03:39.980Z] [unzip] Entry: client/ (compressed_size=0 bytes, uncompressed_size=0 bytes)
[debug] [2023-12-11T15:03:39.980Z] [unzip] Processing entry: client\
[debug] [2023-12-11T15:03:39.980Z] [unzip] mkdir: C:\Users\yshen\.cache\firebase\emulators\ui-v1.11.7\client\
[debug] [2023-12-11T15:03:39.981Z] [unzip] Entry: client/favicon.ico (compressed_size=2497 bytes, uncompressed_size=7406 bytes)
[debug] [2023-12-11T15:03:39.981Z] [unzip] Processing entry: client\favicon.ico
[debug] [2023-12-11T15:03:39.981Z] [unzip] else mkdir: C:\Users\yshen\.cache\firebase\emulators\ui-v1.11.7\client
[debug] [2023-12-11T15:03:39.981Z] [unzip] deflating: C:\Users\yshen\.cache\firebase\emulators\ui-v1.11.7\client\favicon.ico
[debug] [2023-12-11T15:03:39.984Z] [unzip] Entry: client/apple-touch-icon.png (compressed_size=7231 bytes, uncompressed_size=7367 bytes)
[debug] [2023-12-11T15:03:39.984Z] [unzip] Processing entry: client\apple-touch-icon.png
[debug] [2023-12-11T15:03:39.984Z] [unzip] else mkdir: C:\Users\yshen\.cache\firebase\emulators\ui-v1.11.7\client
[debug] [2023-12-11T15:03:39.985Z] [unzip] deflating: C:\Users\yshen\.cache\firebase\emulators\ui-v1.11.7\client\apple-touch-icon.png
[debug] [2023-12-11T15:03:39.985Z] [unzip] Entry: client/android-chrome-512x512.png (compressed_size=16987 bytes, uncompressed_size=18186 bytes)
[debug] [2023-12-11T15:03:39.985Z] [unzip] Processing entry: client\android-chrome-512x512.png
[debug] [2023-12-11T15:03:39.986Z] [unzip] else mkdir: C:\Users\yshen\.cache\firebase\emulators\ui-v1.11.7\client
[debug] [2023-12-11T15:03:39.986Z] [unzip] deflating: C:\Users\yshen\.cache\firebase\emulators\ui-v1.11.7\client\android-chrome-512x512.png
[debug] [2023-12-11T15:03:39.987Z] [unzip] Entry: client/assets/ (compressed_size=0 bytes, uncompressed_size=0 bytes)
[debug] [2023-12-11T15:03:39.987Z] [unzip] Processing entry: client\assets\
[debug] [2023-12-11T15:03:39.987Z] [unzip] mkdir: C:\Users\yshen\.cache\firebase\emulators\ui-v1.11.7\client\assets\
[debug] [2023-12-11T15:03:39.987Z] [unzip] Entry: client/assets/extensions/ (compressed_size=0 bytes, uncompressed_size=0 bytes)
[debug] [2023-12-11T15:03:39.987Z] [unzip] Processing entry: client\assets\extensions\
[debug] [2023-12-11T15:03:39.987Z] [unzip] mkdir: C:\Users\yshen\.cache\firebase\emulators\ui-v1.11.7\client\assets\extensions\
[debug] [2023-12-11T15:03:39.988Z] [unzip] Entry: client/assets/extensions/default-extension.png (compressed_size=1646 bytes, uncompressed_size=1657 bytes)
[debug] [2023-12-11T15:03:39.988Z] [unzip] Processing entry: client\assets\extensions\default-extension.png
[debug] [2023-12-11T15:03:39.988Z] [unzip] else mkdir: C:\Users\yshen\.cache\firebase\emulators\ui-v1.11.7\client\assets\extensions
[debug] [2023-12-11T15:03:39.988Z] [unzip] deflating: C:\Users\yshen\.cache\firebase\emulators\ui-v1.11.7\client\assets\extensions\default-extension.png
[debug] [2023-12-11T15:03:39.989Z] [unzip] Entry: client/assets/index.58ca09f7.css (compressed_size=37601 bytes, uncompressed_size=321252 bytes)
[debug] [2023-12-11T15:03:39.989Z] [unzip] Processing entry: client\assets\index.58ca09f7.css
[debug] [2023-12-11T15:03:39.989Z] [unzip] else mkdir: C:\Users\yshen\.cache\firebase\emulators\ui-v1.11.7\client\assets
[debug] [2023-12-11T15:03:39.989Z] [unzip] deflating: C:\Users\yshen\.cache\firebase\emulators\ui-v1.11.7\client\assets\index.58ca09f7.css
[debug] [2023-12-11T15:03:39.992Z] [unzip] Entry: client/assets/index.c2583d42.js (compressed_size=526232 bytes, uncompressed_size=1860152 bytes)
[debug] [2023-12-11T15:03:39.992Z] [unzip] Processing entry: client\assets\index.c2583d42.js
[debug] [2023-12-11T15:03:39.992Z] [unzip] else mkdir: C:\Users\yshen\.cache\firebase\emulators\ui-v1.11.7\client\assets
[debug] [2023-12-11T15:03:39.992Z] [unzip] deflating: C:\Users\yshen\.cache\firebase\emulators\ui-v1.11.7\client\assets\index.c2583d42.js
[debug] [2023-12-11T15:03:40.002Z] [unzip] Entry: client/assets/provider-icons/ (compressed_size=0 bytes, uncompressed_size=0 bytes)
[debug] [2023-12-11T15:03:40.002Z] [unzip] Processing entry: client\assets\provider-icons\
[debug] [2023-12-11T15:03:40.002Z] [unzip] mkdir: C:\Users\yshen\.cache\firebase\emulators\ui-v1.11.7\client\assets\provider-icons\
[debug] [2023-12-11T15:03:40.002Z] [unzip] Entry: client/assets/provider-icons/auth_service_oidc.svg (compressed_size=414 bytes, uncompressed_size=858 bytes)
[debug] [2023-12-11T15:03:40.002Z] [unzip] Processing entry: client\assets\provider-icons\auth_service_oidc.svg
[debug] [2023-12-11T15:03:40.002Z] [unzip] else mkdir: C:\Users\yshen\.cache\firebase\emulators\ui-v1.11.7\client\assets\provider-icons
[debug] [2023-12-11T15:03:40.002Z] [unzip] deflating: C:\Users\yshen\.cache\firebase\emulators\ui-v1.11.7\client\assets\provider-icons\auth_service_oidc.svg
[debug] [2023-12-11T15:03:40.003Z] [unzip] Entry: client/assets/provider-icons/auth_service_yahoo.svg (compressed_size=577 bytes, uncompressed_size=1182 bytes)
[debug] [2023-12-11T15:03:40.003Z] [unzip] Processing entry: client\assets\provider-icons\auth_service_yahoo.svg
[debug] [2023-12-11T15:03:40.003Z] [unzip] else mkdir: C:\Users\yshen\.cache\firebase\emulators\ui-v1.11.7\client\assets\provider-icons
[debug] [2023-12-11T15:03:40.003Z] [unzip] deflating: C:\Users\yshen\.cache\firebase\emulators\ui-v1.11.7\client\assets\provider-icons\auth_service_yahoo.svg
[debug] [2023-12-11T15:03:40.004Z] [unzip] Entry: client/assets/provider-icons/auth_service_phone.svg (compressed_size=261 bytes, uncompressed_size=414 bytes)
[debug] [2023-12-11T15:03:40.004Z] [unzip] Processing entry: client\assets\provider-icons\auth_service_phone.svg
[debug] [2023-12-11T15:03:40.004Z] [unzip] else mkdir: C:\Users\yshen\.cache\firebase\emulators\ui-v1.11.7\client\assets\provider-icons
[debug] [2023-12-11T15:03:40.004Z] [unzip] deflating: C:\Users\yshen\.cache\firebase\emulators\ui-v1.11.7\client\assets\provider-icons\auth_service_phone.svg
[debug] [2023-12-11T15:03:40.005Z] [unzip] Entry: client/assets/provider-icons/auth_service_saml.svg (compressed_size=575 bytes, uncompressed_size=1226 bytes)
[debug] [2023-12-11T15:03:40.005Z] [unzip] Processing entry: client\assets\provider-icons\auth_service_saml.svg
[debug] [2023-12-11T15:03:40.005Z] [unzip] else mkdir: C:\Users\yshen\.cache\firebase\emulators\ui-v1.11.7\client\assets\provider-icons
[debug] [2023-12-11T15:03:40.005Z] [unzip] deflating: C:\Users\yshen\.cache\firebase\emulators\ui-v1.11.7\client\assets\provider-icons\auth_service_saml.svg
[debug] [2023-12-11T15:03:40.006Z] [unzip] Entry: client/assets/provider-icons/auth_service_mslive.svg (compressed_size=203 bytes, uncompressed_size=378 bytes)
[debug] [2023-12-11T15:03:40.006Z] [unzip] Processing entry: client\assets\provider-icons\auth_service_mslive.svg
[debug] [2023-12-11T15:03:40.006Z] [unzip] else mkdir: C:\Users\yshen\.cache\firebase\emulators\ui-v1.11.7\client\assets\provider-icons
[debug] [2023-12-11T15:03:40.007Z] [unzip] deflating: C:\Users\yshen\.cache\firebase\emulators\ui-v1.11.7\client\assets\provider-icons\auth_service_mslive.svg
[debug] [2023-12-11T15:03:40.007Z] [unzip] Entry: client/assets/provider-icons/auth_service_facebook.svg (compressed_size=289 bytes, uncompressed_size=457 bytes)
[debug] [2023-12-11T15:03:40.007Z] [unzip] Processing entry: client\assets\provider-icons\auth_service_facebook.svg
[debug] [2023-12-11T15:03:40.007Z] [unzip] else mkdir: C:\Users\yshen\.cache\firebase\emulators\ui-v1.11.7\client\assets\provider-icons
[debug] [2023-12-11T15:03:40.008Z] [unzip] deflating: C:\Users\yshen\.cache\firebase\emulators\ui-v1.11.7\client\assets\provider-icons\auth_service_facebook.svg
[debug] [2023-12-11T15:03:40.009Z] [unzip] Entry: client/assets/provider-icons/auth_service_play_games.svg (compressed_size=565 bytes, uncompressed_size=1173 bytes)
[debug] [2023-12-11T15:03:40.009Z] [unzip] Processing entry: client\assets\provider-icons\auth_service_play_games.svg
[debug] [2023-12-11T15:03:40.009Z] [unzip] else mkdir: C:\Users\yshen\.cache\firebase\emulators\ui-v1.11.7\client\assets\provider-icons
[debug] [2023-12-11T15:03:40.009Z] [unzip] deflating: C:\Users\yshen\.cache\firebase\emulators\ui-v1.11.7\client\assets\provider-icons\auth_service_play_games.svg
[debug] [2023-12-11T15:03:40.010Z] [unzip] Entry: client/assets/provider-icons/auth_service_github.svg (compressed_size=466 bytes, uncompressed_size=838 bytes)
[debug] [2023-12-11T15:03:40.010Z] [unzip] Processing entry: client\assets\provider-icons\auth_service_github.svg
[debug] [2023-12-11T15:03:40.010Z] [unzip] else mkdir: C:\Users\yshen\.cache\firebase\emulators\ui-v1.11.7\client\assets\provider-icons
[debug] [2023-12-11T15:03:40.010Z] [unzip] deflating: C:\Users\yshen\.cache\firebase\emulators\ui-v1.11.7\client\assets\provider-icons\auth_service_github.svg
[debug] [2023-12-11T15:03:40.011Z] [unzip] Entry: client/assets/provider-icons/auth_service_apple.svg (compressed_size=230 bytes, uncompressed_size=334 bytes)
[debug] [2023-12-11T15:03:40.011Z] [unzip] Processing entry: client\assets\provider-icons\auth_service_apple.svg
[debug] [2023-12-11T15:03:40.011Z] [unzip] else mkdir: C:\Users\yshen\.cache\firebase\emulators\ui-v1.11.7\client\assets\provider-icons
[debug] [2023-12-11T15:03:40.011Z] [unzip] deflating: C:\Users\yshen\.cache\firebase\emulators\ui-v1.11.7\client\assets\provider-icons\auth_service_apple.svg
[debug] [2023-12-11T15:03:40.012Z] [unzip] Entry: client/assets/provider-icons/auth_service_google.svg (compressed_size=409 bytes, uncompressed_size=720 bytes)
[debug] [2023-12-11T15:03:40.013Z] [unzip] Processing entry: client\assets\provider-icons\auth_service_google.svg
[debug] [2023-12-11T15:03:40.013Z] [unzip] else mkdir: C:\Users\yshen\.cache\firebase\emulators\ui-v1.11.7\client\assets\provider-icons
[debug] [2023-12-11T15:03:40.013Z] [unzip] deflating: C:\Users\yshen\.cache\firebase\emulators\ui-v1.11.7\client\assets\provider-icons\auth_service_google.svg
[debug] [2023-12-11T15:03:40.014Z] [unzip] Entry: client/assets/provider-icons/auth_service_email.svg (compressed_size=228 bytes, uncompressed_size=326 bytes)
[debug] [2023-12-11T15:03:40.014Z] [unzip] Processing entry: client\assets\provider-icons\auth_service_email.svg
[debug] [2023-12-11T15:03:40.014Z] [unzip] else mkdir: C:\Users\yshen\.cache\firebase\emulators\ui-v1.11.7\client\assets\provider-icons
[debug] [2023-12-11T15:03:40.014Z] [unzip] deflating: C:\Users\yshen\.cache\firebase\emulators\ui-v1.11.7\client\assets\provider-icons\auth_service_email.svg
[debug] [2023-12-11T15:03:40.015Z] [unzip] Entry: client/assets/provider-icons/auth_service_twitter.svg (compressed_size=444 bytes, uncompressed_size=751 bytes)
[debug] [2023-12-11T15:03:40.015Z] [unzip] Processing entry: client\assets\provider-icons\auth_service_twitter.svg
[debug] [2023-12-11T15:03:40.015Z] [unzip] else mkdir: C:\Users\yshen\.cache\firebase\emulators\ui-v1.11.7\client\assets\provider-icons
[debug] [2023-12-11T15:03:40.015Z] [unzip] deflating: C:\Users\yshen\.cache\firebase\emulators\ui-v1.11.7\client\assets\provider-icons\auth_service_twitter.svg
[debug] [2023-12-11T15:03:40.016Z] [unzip] Entry: client/assets/provider-icons/auth_service_game_center.svg (compressed_size=991 bytes, uncompressed_size=3921 bytes)
[debug] [2023-12-11T15:03:40.017Z] [unzip] Processing entry: client\assets\provider-icons\auth_service_game_center.svg
[debug] [2023-12-11T15:03:40.017Z] [unzip] else mkdir: C:\Users\yshen\.cache\firebase\emulators\ui-v1.11.7\client\assets\provider-icons
[debug] [2023-12-11T15:03:40.017Z] [unzip] deflating: C:\Users\yshen\.cache\firebase\emulators\ui-v1.11.7\client\assets\provider-icons\auth_service_game_center.svg
[debug] [2023-12-11T15:03:40.017Z] [unzip] Entry: client/assets/index.c2583d42.js.map (compressed_size=1778557 bytes, uncompressed_size=7961927 bytes)
[debug] [2023-12-11T15:03:40.018Z] [unzip] Processing entry: client\assets\index.c2583d42.js.map
[debug] [2023-12-11T15:03:40.018Z] [unzip] else mkdir: C:\Users\yshen\.cache\firebase\emulators\ui-v1.11.7\client\assets
[debug] [2023-12-11T15:03:40.018Z] [unzip] deflating: C:\Users\yshen\.cache\firebase\emulators\ui-v1.11.7\client\assets\index.c2583d42.js.map
[debug] [2023-12-11T15:03:40.045Z] [unzip] Entry: client/assets/img/ (compressed_size=0 bytes, uncompressed_size=0 bytes)
[debug] [2023-12-11T15:03:40.046Z] [unzip] Processing entry: client\assets\img\
[debug] [2023-12-11T15:03:40.046Z] [unzip] mkdir: C:\Users\yshen\.cache\firebase\emulators\ui-v1.11.7\client\assets\img\
[debug] [2023-12-11T15:03:40.046Z] [unzip] Entry: client/assets/img/database.png (compressed_size=29449 bytes, uncompressed_size=29988 bytes)
[debug] [2023-12-11T15:03:40.046Z] [unzip] Processing entry: client\assets\img\database.png
[debug] [2023-12-11T15:03:40.046Z] [unzip] else mkdir: C:\Users\yshen\.cache\firebase\emulators\ui-v1.11.7\client\assets\img
[debug] [2023-12-11T15:03:40.046Z] [unzip] deflating: C:\Users\yshen\.cache\firebase\emulators\ui-v1.11.7\client\assets\img\database.png
[debug] [2023-12-11T15:03:40.047Z] [unzip] Entry: client/safari-pinned-tab.svg (compressed_size=838 bytes, uncompressed_size=1504 bytes)
[debug] [2023-12-11T15:03:40.047Z] [unzip] Processing entry: client\safari-pinned-tab.svg
[debug] [2023-12-11T15:03:40.047Z] [unzip] else mkdir: C:\Users\yshen\.cache\firebase\emulators\ui-v1.11.7\client
[debug] [2023-12-11T15:03:40.047Z] [unzip] deflating: C:\Users\yshen\.cache\firebase\emulators\ui-v1.11.7\client\safari-pinned-tab.svg
[debug] [2023-12-11T15:03:40.048Z] [unzip] Entry: client/mstile-150x150.png (compressed_size=5406 bytes, uncompressed_size=5723 bytes)
[debug] [2023-12-11T15:03:40.048Z] [unzip] Processing entry: client\mstile-150x150.png
[debug] [2023-12-11T15:03:40.048Z] [unzip] else mkdir: C:\Users\yshen\.cache\firebase\emulators\ui-v1.11.7\client
[debug] [2023-12-11T15:03:40.049Z] [unzip] deflating: C:\Users\yshen\.cache\firebase\emulators\ui-v1.11.7\client\mstile-150x150.png
[debug] [2023-12-11T15:03:40.049Z] [unzip] Entry: client/browserconfig.xml (compressed_size=491 bytes, uncompressed_size=822 bytes)
[debug] [2023-12-11T15:03:40.050Z] [unzip] Processing entry: client\browserconfig.xml
[debug] [2023-12-11T15:03:40.050Z] [unzip] else mkdir: C:\Users\yshen\.cache\firebase\emulators\ui-v1.11.7\client
[debug] [2023-12-11T15:03:40.050Z] [unzip] deflating: C:\Users\yshen\.cache\firebase\emulators\ui-v1.11.7\client\browserconfig.xml
[debug] [2023-12-11T15:03:40.051Z] [unzip] Entry: client/robots.txt (compressed_size=26 bytes, uncompressed_size=26 bytes)
[debug] [2023-12-11T15:03:40.051Z] [unzip] Processing entry: client\robots.txt
[debug] [2023-12-11T15:03:40.051Z] [unzip] else mkdir: C:\Users\yshen\.cache\firebase\emulators\ui-v1.11.7\client
[debug] [2023-12-11T15:03:40.051Z] [unzip] Writing file: C:\Users\yshen\.cache\firebase\emulators\ui-v1.11.7\client\robots.txt
[debug] [2023-12-11T15:03:40.052Z] [unzip] Entry: client/index.html (compressed_size=1363 bytes, uncompressed_size=3064 bytes)
[debug] [2023-12-11T15:03:40.052Z] [unzip] Processing entry: client\index.html
[debug] [2023-12-11T15:03:40.052Z] [unzip] else mkdir: C:\Users\yshen\.cache\firebase\emulators\ui-v1.11.7\client
[debug] [2023-12-11T15:03:40.052Z] [unzip] deflating: C:\Users\yshen\.cache\firebase\emulators\ui-v1.11.7\client\index.html
[debug] [2023-12-11T15:03:40.053Z] [unzip] Entry: client/favicon-16x16.png (compressed_size=757 bytes, uncompressed_size=777 bytes)
[debug] [2023-12-11T15:03:40.054Z] [unzip] Processing entry: client\favicon-16x16.png
[debug] [2023-12-11T15:03:40.054Z] [unzip] else mkdir: C:\Users\yshen\.cache\firebase\emulators\ui-v1.11.7\client
[debug] [2023-12-11T15:03:40.054Z] [unzip] deflating: C:\Users\yshen\.cache\firebase\emulators\ui-v1.11.7\client\favicon-16x16.png
[debug] [2023-12-11T15:03:40.055Z] [unzip] Entry: client/manifest.json (compressed_size=246 bytes, uncompressed_size=551 bytes)
[debug] [2023-12-11T15:03:40.055Z] [unzip] Processing entry: client\manifest.json
[debug] [2023-12-11T15:03:40.055Z] [unzip] else mkdir: C:\Users\yshen\.cache\firebase\emulators\ui-v1.11.7\client
[debug] [2023-12-11T15:03:40.055Z] [unzip] deflating: C:\Users\yshen\.cache\firebase\emulators\ui-v1.11.7\client\manifest.json
[debug] [2023-12-11T15:03:40.056Z] [unzip] Entry: client/favicon-32x32.png (compressed_size=1175 bytes, uncompressed_size=1175 bytes)
[debug] [2023-12-11T15:03:40.056Z] [unzip] Processing entry: client\favicon-32x32.png
[debug] [2023-12-11T15:03:40.056Z] [unzip] else mkdir: C:\Users\yshen\.cache\firebase\emulators\ui-v1.11.7\client
[debug] [2023-12-11T15:03:40.056Z] [unzip] Writing file: C:\Users\yshen\.cache\firebase\emulators\ui-v1.11.7\client\favicon-32x32.png
[debug] [2023-12-11T15:03:40.057Z] [unzip] Entry: client/android-chrome-192x192.png (compressed_size=7602 bytes, uncompressed_size=7834 bytes)
[debug] [2023-12-11T15:03:40.057Z] [unzip] Processing entry: client\android-chrome-192x192.png
[debug] [2023-12-11T15:03:40.057Z] [unzip] else mkdir: C:\Users\yshen\.cache\firebase\emulators\ui-v1.11.7\client
[debug] [2023-12-11T15:03:40.057Z] [unzip] deflating: C:\Users\yshen\.cache\firebase\emulators\ui-v1.11.7\client\android-chrome-192x192.png
[debug] [2023-12-11T15:03:40.058Z] [unzip] Entry: server/ (compressed_size=0 bytes, uncompressed_size=0 bytes)
[debug] [2023-12-11T15:03:40.058Z] [unzip] Processing entry: server\
[debug] [2023-12-11T15:03:40.059Z] [unzip] mkdir: C:\Users\yshen\.cache\firebase\emulators\ui-v1.11.7\server\
[debug] [2023-12-11T15:03:40.059Z] [unzip] Entry: server/server.js (compressed_size=343746 bytes, uncompressed_size=1346374 bytes)
[debug] [2023-12-11T15:03:40.059Z] [unzip] Processing entry: server\server.js
[debug] [2023-12-11T15:03:40.059Z] [unzip] else mkdir: C:\Users\yshen\.cache\firebase\emulators\ui-v1.11.7\server
[debug] [2023-12-11T15:03:40.059Z] [unzip] deflating: C:\Users\yshen\.cache\firebase\emulators\ui-v1.11.7\server\server.js
[debug] [2023-12-11T15:03:40.065Z] [unzip] Entry: server/server.js.map (compressed_size=289157 bytes, uncompressed_size=1325651 bytes)
[debug] [2023-12-11T15:03:40.066Z] [unzip] Processing entry: server\server.js.map
[debug] [2023-12-11T15:03:40.066Z] [unzip] else mkdir: C:\Users\yshen\.cache\firebase\emulators\ui-v1.11.7\server
[debug] [2023-12-11T15:03:40.066Z] [unzip] deflating: C:\Users\yshen\.cache\firebase\emulators\ui-v1.11.7\server\server.js.map
[debug] [2023-12-11T15:03:40.073Z] Ignoring unsupported arg: auto_download {"metadata":{"emulator":{"name":"ui"},"message":"Ignoring unsupported arg: auto_download"}}
[debug] [2023-12-11T15:03:40.073Z] Ignoring unsupported arg: port {"metadata":{"emulator":{"name":"ui"},"message":"Ignoring unsupported arg: port"}}
[debug] [2023-12-11T15:03:40.073Z] Starting Emulator UI with command {"binary":"node","args":["C:\\Users\\yshen\\.cache\\firebase\\emulators\\ui-v1.11.7\\server\\server.js"],"optionalArgs":[],"joinArgs":false} {"metadata":{"emulator":{"name":"ui"},"message":"Starting Emulator UI with command {\"binary\":\"node\",\"args\":[\"C:\\\\Users\\\\yshen\\\\.cache\\\\firebase\\\\emulators\\\\ui-v1.11.7\\\\server\\\\server.js\"],\"optionalArgs\":[],\"joinArgs\":false}"}}
[info] i  ui: Emulator UI logging to ui-debug.log {"metadata":{"emulator":{"name":"ui"},"message":"Emulator UI logging to \u001b[1mui-debug.log\u001b[22m"}}
[debug] [2023-12-11T15:03:40.306Z] Web / API server started at 127.0.0.1:4000
 {"metadata":{"emulator":{"name":"ui"},"message":"Web / API server started at 127.0.0.1:4000\n"}}
[debug] [2023-12-11T15:03:40.306Z] Web / API server started at ::1:4000
 {"metadata":{"emulator":{"name":"ui"},"message":"Web / API server started at ::1:4000\n"}}
[info] 
┌─────────────────────────────────────────────────────────────┐
│ ✔  All emulators ready! It is now safe to connect your app. │
│ i  View Emulator UI at http://127.0.0.1:4000/               │
└─────────────────────────────────────────────────────────────┘

┌────────────────┬────────────────┬────────────────────────────┐
│ Emulator       │ Host:Port      │ View in Emulator UI        │
├────────────────┼────────────────┼────────────────────────────┤
│ Authentication │ 127.0.0.1:9099 │ http://127.0.0.1:4000/auth │
└────────────────┴────────────────┴────────────────────────────┘
  Emulator Hub running at 127.0.0.1:4400
  Other reserved ports: 4500

Issues? Report them at https://github.com/firebase/firebase-tools/issues and attach the *-debug.log files.
 
